2026-03-07 12:09:38 - crawler - INFO - {
  "timestamp": "2026-03-07T12:09:38.778136",
  "action": "start_fetch_reviews",
  "details": {
    "plugin_id": "aapbdbdomjkkjkaonfhkkikfgjllcleb",
    "max_reviews": null,
    "load_all": true
  }
}
2026-03-07 12:09:53 - crawler - INFO - {
  "timestamp": "2026-03-07T12:09:53.608174",
  "action": "load_more_reviews",
  "details": {
    "click_count": 1,
    "delay": 3.221651281231345
  }
}
2026-03-07 12:09:56 - crawler - INFO - {
  "timestamp": "2026-03-07T12:09:56.173497",
  "action": "load_more_reviews",
  "details": {
    "click_count": 2,
    "delay": 2.5318522459567414
  }
}
2026-03-07 12:09:59 - crawler - INFO - {
  "timestamp": "2026-03-07T12:09:59.253051",
  "action": "load_more_reviews",
  "details": {
    "click_count": 3,
    "delay": 3.037270546585678
  }
}
2026-03-07 12:10:01 - crawler - INFO - {
  "timestamp": "2026-03-07T12:10:01.909215",
  "action": "load_more_reviews",
  "details": {
    "click_count": 4,
    "delay": 2.611353107036732
  }
}
2026-03-07 12:10:05 - crawler - INFO - {
  "timestamp": "2026-03-07T12:10:05.018290",
  "action": "load_more_reviews",
  "details": {
    "click_count": 5,
    "delay": 3.0361621598658144
  }
}
2026-03-07 12:10:09 - crawler - INFO - {
  "timestamp": "2026-03-07T12:10:09.733724",
  "action": "load_more_reviews",
  "details": {
    "click_count": 6,
    "delay": 4.645524550918715
  }
}
2026-03-07 12:10:14 - crawler - INFO - {
  "timestamp": "2026-03-07T12:10:14.522924",
  "action": "load_more_reviews",
  "details": {
    "click_count": 7,
    "delay": 4.718825190842597
  }
}
2026-03-07 12:11:59 - crawler - INFO - {
  "timestamp": "2026-03-07T12:11:59.656461",
  "action": "load_more_reviews",
  "details": {
    "click_count": 8,
    "delay": 4.948145174807173
  }
}
2026-03-07 12:12:02 - crawler - INFO - {
  "timestamp": "2026-03-07T12:12:02.100818",
  "action": "load_more_reviews",
  "details": {
    "click_count": 9,
    "delay": 2.340261468718354
  }
}
2026-03-07 12:12:05 - crawler - INFO - {
  "timestamp": "2026-03-07T12:12:05.781972",
  "action": "load_more_reviews",
  "details": {
    "click_count": 10,
    "delay": 3.6049482387462746
  }
}
2026-03-07 12:12:08 - crawler - INFO - {
  "timestamp": "2026-03-07T12:12:08.276802",
  "action": "load_more_reviews",
  "details": {
    "click_count": 11,
    "delay": 2.4210877279600993
  }
}
2026-03-07 12:12:11 - crawler - INFO - {
  "timestamp": "2026-03-07T12:12:11.087120",
  "action": "load_more_reviews",
  "details": {
    "click_count": 12,
    "delay": 2.7463541955698765
  }
}
2026-03-07 12:12:14 - crawler - INFO - {
  "timestamp": "2026-03-07T12:12:14.088321",
  "action": "load_more_reviews",
  "details": {
    "click_count": 13,
    "delay": 2.9379454260518565
  }
}
2026-03-07 12:12:18 - crawler - INFO - {
  "timestamp": "2026-03-07T12:12:18.931612",
  "action": "load_more_reviews",
  "details": {
    "click_count": 14,
    "delay": 4.7528031510531354
  }
}
2026-03-07 12:12:22 - crawler - INFO - {
  "timestamp": "2026-03-07T12:12:22.723263",
  "action": "load_more_reviews",
  "details": {
    "click_count": 15,
    "delay": 3.6977355738538726
  }
}
2026-03-07 12:12:26 - crawler - INFO - {
  "timestamp": "2026-03-07T12:12:26.444882",
  "action": "load_more_reviews",
  "details": {
    "click_count": 16,
    "delay": 3.6262612118162942
  }
}
2026-03-07 12:12:30 - crawler - INFO - {
  "timestamp": "2026-03-07T12:12:30.396560",
  "action": "load_more_reviews",
  "details": {
    "click_count": 17,
    "delay": 3.8586083260735213
  }
}
2026-03-07 12:12:33 - crawler - INFO - {
  "timestamp": "2026-03-07T12:12:33.721834",
  "action": "load_more_reviews",
  "details": {
    "click_count": 18,
    "delay": 3.2272327386179804
  }
}
2026-03-07 12:12:36 - crawler - INFO - {
  "timestamp": "2026-03-07T12:12:36.803351",
  "action": "load_more_reviews",
  "details": {
    "click_count": 19,
    "delay": 2.975595931843678
  }
}
2026-03-07 12:12:38 - crawler - INFO - {
  "timestamp": "2026-03-07T12:12:38.948770",
  "action": "load_more_reviews",
  "details": {
    "click_count": 20,
    "delay": 2.0670706603534335
  }
}
2026-03-07 12:12:39 - crawler - INFO - {
  "timestamp": "2026-03-07T12:12:39.011224",
  "action": "finish_fetch_reviews",
  "details": {
    "plugin_id": "aapbdbdomjkkjkaonfhkkikfgjllcleb",
    "review_count": 112
  }
}
2026-03-07 13:40:37 - crawler - INFO - {
  "timestamp": "2026-03-07T13:40:37.233356",
  "action": "start_fetch_reviews",
  "details": {
    "plugin_id": "fonaoompfjljjllgccccgjnhnoghohgc",
    "max_reviews": null,
    "load_all": true
  }
}
2026-03-07 13:40:51 - crawler - INFO - {
  "timestamp": "2026-03-07T13:40:51.766285",
  "action": "load_more_reviews",
  "details": {
    "click_count": 1,
    "delay": 3.5037159215338614
  }
}
2026-03-07 13:40:55 - crawler - INFO - {
  "timestamp": "2026-03-07T13:40:55.669690",
  "action": "load_more_reviews",
  "details": {
    "click_count": 2,
    "delay": 3.725679621746185
  }
}
2026-03-07 13:40:58 - crawler - INFO - {
  "timestamp": "2026-03-07T13:40:58.793119",
  "action": "load_more_reviews",
  "details": {
    "click_count": 3,
    "delay": 3.0552574385803712
  }
}
2026-03-07 13:40:58 - crawler - INFO - {
  "timestamp": "2026-03-07T13:40:58.852726",
  "action": "finish_fetch_reviews",
  "details": {
    "plugin_id": "fonaoompfjljjllgccccgjnhnoghohgc",
    "review_count": 37
  }
}
2026-03-07 13:40:58 - crawler - INFO - {
  "timestamp": "2026-03-07T13:40:58.856681",
  "action": "plugin_crawled",
  "details": {
    "plugin_id": "fonaoompfjljjllgccccgjnhnoghohgc",
    "name": "JetBrains Grazie Writing Companion",
    "rating": 4.3,
    "review_count": 37
  }
}
2026-03-07 13:41:13 - crawler - INFO - {
  "timestamp": "2026-03-07T13:41:13.443803",
  "action": "start_fetch_reviews",
  "details": {
    "plugin_id": "nllcnknpjnininklegdoijpljgdjkijc",
    "max_reviews": 50,
    "load_all": false
  }
}
2026-03-07 13:41:22 - crawler - INFO - {
  "timestamp": "2026-03-07T13:41:22.489749",
  "action": "finish_fetch_reviews",
  "details": {
    "plugin_id": "nllcnknpjnininklegdoijpljgdjkijc",
    "review_count": 24
  }
}
2026-03-07 13:41:22 - crawler - INFO - {
  "timestamp": "2026-03-07T13:41:22.492251",
  "action": "plugin_crawled",
  "details": {
    "plugin_id": "nllcnknpjnininklegdoijpljgdjkijc",
    "name": "Wordtune: AI Paraphrasing and Grammar Tool",
    "rating": 4.6,
    "review_count": 24
  }
}
2026-03-07 13:41:38 - crawler - INFO - {
  "timestamp": "2026-03-07T13:41:38.749047",
  "action": "start_fetch_reviews",
  "details": {
    "plugin_id": "pdnenlnelpdomajfejgapbdpmjkfpjkp",
    "max_reviews": 50,
    "load_all": false
  }
}
2026-03-07 13:41:49 - crawler - INFO - {
  "timestamp": "2026-03-07T13:41:49.114405",
  "action": "finish_fetch_reviews",
  "details": {
    "plugin_id": "pdnenlnelpdomajfejgapbdpmjkfpjkp",
    "review_count": 14
  }
}
2026-03-07 13:41:49 - crawler - INFO - {
  "timestamp": "2026-03-07T13:41:49.116720",
  "action": "plugin_crawled",
  "details": {
    "plugin_id": "pdnenlnelpdomajfejgapbdpmjkfpjkp",
    "name": "Jetwriter AI: Reply Emails, Ask Page, Summarize, Fix Grammar, and More",
    "rating": 4.6,
    "review_count": 14
  }
}
2026-03-07 13:42:45 - crawler - INFO - {
  "timestamp": "2026-03-07T13:42:45.407291",
  "action": "start_fetch_reviews",
  "details": {
    "plugin_id": "fonaoompfjljjllgccccgjnhnoghohgc",
    "max_reviews": null,
    "load_all": true
  }
}
2026-03-07 13:42:56 - crawler - INFO - {
  "timestamp": "2026-03-07T13:42:56.057924",
  "action": "load_more_reviews",
  "details": {
    "click_count": 1,
    "delay": 2.042654750364275
  }
}
2026-03-07 13:43:00 - crawler - INFO - {
  "timestamp": "2026-03-07T13:43:00.131766",
  "action": "load_more_reviews",
  "details": {
    "click_count": 2,
    "delay": 4.012439917635824
  }
}
2026-03-07 13:43:03 - crawler - INFO - {
  "timestamp": "2026-03-07T13:43:03.139395",
  "action": "load_more_reviews",
  "details": {
    "click_count": 3,
    "delay": 2.9552679839415954
  }
}
2026-03-07 13:43:03 - crawler - INFO - {
  "timestamp": "2026-03-07T13:43:03.190920",
  "action": "finish_fetch_reviews",
  "details": {
    "plugin_id": "fonaoompfjljjllgccccgjnhnoghohgc",
    "review_count": 37
  }
}
2026-03-07 13:43:03 - crawler - INFO - {
  "timestamp": "2026-03-07T13:43:03.193580",
  "action": "plugin_crawled",
  "details": {
    "plugin_id": "fonaoompfjljjllgccccgjnhnoghohgc",
    "name": "JetBrains Grazie Writing Companion",
    "rating": 4.3,
    "review_count": 37
  }
}
2026-03-07 13:43:18 - crawler - INFO - {
  "timestamp": "2026-03-07T13:43:18.364237",
  "action": "start_fetch_reviews",
  "details": {
    "plugin_id": "nllcnknpjnininklegdoijpljgdjkijc",
    "max_reviews": 50,
    "load_all": false
  }
}
2026-03-07 13:43:37 - crawler - INFO - {
  "timestamp": "2026-03-07T13:43:37.280836",
  "action": "finish_fetch_reviews",
  "details": {
    "plugin_id": "nllcnknpjnininklegdoijpljgdjkijc",
    "review_count": 24
  }
}
2026-03-07 13:43:37 - crawler - INFO - {
  "timestamp": "2026-03-07T13:43:37.283431",
  "action": "plugin_crawled",
  "details": {
    "plugin_id": "nllcnknpjnininklegdoijpljgdjkijc",
    "name": "Wordtune: AI Paraphrasing and Grammar Tool",
    "rating": 4.6,
    "review_count": 24
  }
}
2026-03-07 13:44:03 - crawler - INFO - {
  "timestamp": "2026-03-07T13:44:03.312894",
  "action": "start_fetch_reviews",
  "details": {
    "plugin_id": "pdnenlnelpdomajfejgapbdpmjkfpjkp",
    "max_reviews": 50,
    "load_all": false
  }
}
2026-03-07 13:44:16 - crawler - INFO - {
  "timestamp": "2026-03-07T13:44:16.476854",
  "action": "finish_fetch_reviews",
  "details": {
    "plugin_id": "pdnenlnelpdomajfejgapbdpmjkfpjkp",
    "review_count": 14
  }
}
2026-03-07 13:44:16 - crawler - INFO - {
  "timestamp": "2026-03-07T13:44:16.479473",
  "action": "plugin_crawled",
  "details": {
    "plugin_id": "pdnenlnelpdomajfejgapbdpmjkfpjkp",
    "name": "Jetwriter AI: Reply Emails, Ask Page, Summarize, Fix Grammar, and More",
    "rating": 4.6,
    "review_count": 14
  }
}
2026-03-07 13:54:31 - crawler - INFO - {
  "timestamp": "2026-03-07T13:54:31.881775",
  "action": "start_fetch_reviews",
  "details": {
    "plugin_id": "fonaoompfjljjllgccccgjnhnoghohgc",
    "max_reviews": null,
    "load_all": true
  }
}
2026-03-07 13:54:54 - crawler - INFO - {
  "timestamp": "2026-03-07T13:54:54.072637",
  "action": "load_more_reviews",
  "details": {
    "click_count": 1,
    "delay": 3.484465787020649
  }
}
2026-03-07 13:54:57 - crawler - INFO - {
  "timestamp": "2026-03-07T13:54:57.337139",
  "action": "load_more_reviews",
  "details": {
    "click_count": 2,
    "delay": 3.206900591334005
  }
}
2026-03-07 13:55:01 - crawler - INFO - {
  "timestamp": "2026-03-07T13:55:01.807627",
  "action": "load_more_reviews",
  "details": {
    "click_count": 3,
    "delay": 4.436178157331938
  }
}
2026-03-07 13:55:01 - crawler - INFO - {
  "timestamp": "2026-03-07T13:55:01.868050",
  "action": "finish_fetch_reviews",
  "details": {
    "plugin_id": "fonaoompfjljjllgccccgjnhnoghohgc",
    "review_count": 37
  }
}
2026-03-07 13:55:01 - crawler - INFO - {
  "timestamp": "2026-03-07T13:55:01.871521",
  "action": "plugin_crawled",
  "details": {
    "plugin_id": "fonaoompfjljjllgccccgjnhnoghohgc",
    "name": "JetBrains Grazie Writing Companion",
    "rating": 4.3,
    "review_count": 37
  }
}
2026-03-07 13:55:19 - crawler - INFO - {
  "timestamp": "2026-03-07T13:55:19.491388",
  "action": "start_fetch_reviews",
  "details": {
    "plugin_id": "nllcnknpjnininklegdoijpljgdjkijc",
    "max_reviews": 50,
    "load_all": false
  }
}
2026-03-07 13:55:30 - crawler - INFO - {
  "timestamp": "2026-03-07T13:55:30.238800",
  "action": "finish_fetch_reviews",
  "details": {
    "plugin_id": "nllcnknpjnininklegdoijpljgdjkijc",
    "review_count": 24
  }
}
2026-03-07 13:55:30 - crawler - INFO - {
  "timestamp": "2026-03-07T13:55:30.240592",
  "action": "plugin_crawled",
  "details": {
    "plugin_id": "nllcnknpjnininklegdoijpljgdjkijc",
    "name": "Wordtune: AI Paraphrasing and Grammar Tool",
    "rating": 4.6,
    "review_count": 24
  }
}
2026-03-07 13:55:47 - crawler - INFO - {
  "timestamp": "2026-03-07T13:55:47.008659",
  "action": "start_fetch_reviews",
  "details": {
    "plugin_id": "pdnenlnelpdomajfejgapbdpmjkfpjkp",
    "max_reviews": 50,
    "load_all": false
  }
}
2026-03-07 13:56:04 - crawler - INFO - {
  "timestamp": "2026-03-07T13:56:04.691255",
  "action": "finish_fetch_reviews",
  "details": {
    "plugin_id": "pdnenlnelpdomajfejgapbdpmjkfpjkp",
    "review_count": 14
  }
}
2026-03-07 13:56:04 - crawler - INFO - {
  "timestamp": "2026-03-07T13:56:04.695667",
  "action": "plugin_crawled",
  "details": {
    "plugin_id": "pdnenlnelpdomajfejgapbdpmjkfpjkp",
    "name": "Jetwriter AI: Reply Emails, Ask Page, Summarize, Fix Grammar, and More",
    "rating": 4.6,
    "review_count": 14
  }
}
2026-03-07 13:57:01 - crawler - INFO - {
  "timestamp": "2026-03-07T13:57:01.742856",
  "action": "start_fetch_reviews",
  "details": {
    "plugin_id": "fonaoompfjljjllgccccgjnhnoghohgc",
    "max_reviews": null,
    "load_all": true
  }
}
2026-03-07 13:57:14 - crawler - INFO - {
  "timestamp": "2026-03-07T13:57:14.693075",
  "action": "load_more_reviews",
  "details": {
    "click_count": 1,
    "delay": 2.1326586675230264
  }
}
2026-03-07 13:57:17 - crawler - INFO - {
  "timestamp": "2026-03-07T13:57:17.783324",
  "action": "load_more_reviews",
  "details": {
    "click_count": 2,
    "delay": 3.0393551285792153
  }
}
2026-03-07 13:57:20 - crawler - INFO - {
  "timestamp": "2026-03-07T13:57:20.170830",
  "action": "load_more_reviews",
  "details": {
    "click_count": 3,
    "delay": 2.3395531357378587
  }
}
2026-03-07 13:57:20 - crawler - INFO - {
  "timestamp": "2026-03-07T13:57:20.225366",
  "action": "finish_fetch_reviews",
  "details": {
    "plugin_id": "fonaoompfjljjllgccccgjnhnoghohgc",
    "review_count": 37
  }
}
2026-03-07 13:57:20 - crawler - INFO - {
  "timestamp": "2026-03-07T13:57:20.227176",
  "action": "plugin_crawled",
  "details": {
    "plugin_id": "fonaoompfjljjllgccccgjnhnoghohgc",
    "name": "JetBrains Grazie Writing Companion",
    "rating": 4.3,
    "review_count": 37
  }
}
2026-03-07 13:57:31 - crawler - INFO - {
  "timestamp": "2026-03-07T13:57:31.598458",
  "action": "start_fetch_reviews",
  "details": {
    "plugin_id": "nllcnknpjnininklegdoijpljgdjkijc",
    "max_reviews": 50,
    "load_all": false
  }
}
2026-03-07 13:57:49 - crawler - INFO - {
  "timestamp": "2026-03-07T13:57:49.946619",
  "action": "finish_fetch_reviews",
  "details": {
    "plugin_id": "nllcnknpjnininklegdoijpljgdjkijc",
    "review_count": 24
  }
}
2026-03-07 13:57:49 - crawler - INFO - {
  "timestamp": "2026-03-07T13:57:49.948317",
  "action": "plugin_crawled",
  "details": {
    "plugin_id": "nllcnknpjnininklegdoijpljgdjkijc",
    "name": "Wordtune: AI Paraphrasing and Grammar Tool",
    "rating": 4.6,
    "review_count": 24
  }
}
2026-03-07 13:58:06 - crawler - INFO - {
  "timestamp": "2026-03-07T13:58:06.624012",
  "action": "start_fetch_reviews",
  "details": {
    "plugin_id": "pdnenlnelpdomajfejgapbdpmjkfpjkp",
    "max_reviews": 50,
    "load_all": false
  }
}
2026-03-07 13:58:24 - crawler - INFO - {
  "timestamp": "2026-03-07T13:58:24.263056",
  "action": "finish_fetch_reviews",
  "details": {
    "plugin_id": "pdnenlnelpdomajfejgapbdpmjkfpjkp",
    "review_count": 14
  }
}
2026-03-07 13:58:24 - crawler - INFO - {
  "timestamp": "2026-03-07T13:58:24.264617",
  "action": "plugin_crawled",
  "details": {
    "plugin_id": "pdnenlnelpdomajfejgapbdpmjkfpjkp",
    "name": "Jetwriter AI: Reply Emails, Ask Page, Summarize, Fix Grammar, and More",
    "rating": 4.6,
    "review_count": 14
  }
}
2026-03-07 13:59:32 - crawler - INFO - {
  "timestamp": "2026-03-07T13:59:32.194402",
  "action": "start_fetch_reviews",
  "details": {
    "plugin_id": "fonaoompfjljjllgccccgjnhnoghohgc",
    "max_reviews": null,
    "load_all": true
  }
}
2026-03-07 13:59:45 - crawler - INFO - {
  "timestamp": "2026-03-07T13:59:45.917485",
  "action": "load_more_reviews",
  "details": {
    "click_count": 1,
    "delay": 2.9408839972206824
  }
}
2026-03-07 13:59:48 - crawler - INFO - {
  "timestamp": "2026-03-07T13:59:48.613865",
  "action": "load_more_reviews",
  "details": {
    "click_count": 2,
    "delay": 2.654467451881962
  }
}
2026-03-07 13:59:51 - crawler - INFO - {
  "timestamp": "2026-03-07T13:59:51.532812",
  "action": "load_more_reviews",
  "details": {
    "click_count": 3,
    "delay": 2.868848731876843
  }
}
2026-03-07 13:59:51 - crawler - INFO - {
  "timestamp": "2026-03-07T13:59:51.596073",
  "action": "finish_fetch_reviews",
  "details": {
    "plugin_id": "fonaoompfjljjllgccccgjnhnoghohgc",
    "review_count": 37
  }
}
2026-03-07 13:59:51 - crawler - INFO - {
  "timestamp": "2026-03-07T13:59:51.598971",
  "action": "plugin_crawled",
  "details": {
    "plugin_id": "fonaoompfjljjllgccccgjnhnoghohgc",
    "name": "JetBrains Grazie Writing Companion",
    "rating": 4.3,
    "review_count": 37
  }
}
2026-03-07 14:00:04 - crawler - INFO - {
  "timestamp": "2026-03-07T14:00:04.498386",
  "action": "start_fetch_reviews",
  "details": {
    "plugin_id": "nllcnknpjnininklegdoijpljgdjkijc",
    "max_reviews": 50,
    "load_all": false
  }
}
2026-03-07 14:00:20 - crawler - INFO - {
  "timestamp": "2026-03-07T14:00:20.438301",
  "action": "finish_fetch_reviews",
  "details": {
    "plugin_id": "nllcnknpjnininklegdoijpljgdjkijc",
    "review_count": 24
  }
}
2026-03-07 14:00:20 - crawler - INFO - {
  "timestamp": "2026-03-07T14:00:20.441091",
  "action": "plugin_crawled",
  "details": {
    "plugin_id": "nllcnknpjnininklegdoijpljgdjkijc",
    "name": "Wordtune: AI Paraphrasing and Grammar Tool",
    "rating": 4.6,
    "review_count": 24
  }
}
2026-03-07 14:00:30 - crawler - INFO - {
  "timestamp": "2026-03-07T14:00:30.579820",
  "action": "start_fetch_reviews",
  "details": {
    "plugin_id": "pdnenlnelpdomajfejgapbdpmjkfpjkp",
    "max_reviews": 50,
    "load_all": false
  }
}
2026-03-07 14:00:44 - crawler - INFO - {
  "timestamp": "2026-03-07T14:00:44.499128",
  "action": "finish_fetch_reviews",
  "details": {
    "plugin_id": "pdnenlnelpdomajfejgapbdpmjkfpjkp",
    "review_count": 14
  }
}
2026-03-07 14:00:44 - crawler - INFO - {
  "timestamp": "2026-03-07T14:00:44.501085",
  "action": "plugin_crawled",
  "details": {
    "plugin_id": "pdnenlnelpdomajfejgapbdpmjkfpjkp",
    "name": "Jetwriter AI: Reply Emails, Ask Page, Summarize, Fix Grammar, and More",
    "rating": 4.6,
    "review_count": 14
  }
}
2026-03-07 14:01:43 - crawler - INFO - {
  "timestamp": "2026-03-07T14:01:43.969000",
  "action": "start_fetch_reviews",
  "details": {
    "plugin_id": "fonaoompfjljjllgccccgjnhnoghohgc",
    "max_reviews": null,
    "load_all": true
  }
}
2026-03-07 14:01:57 - crawler - INFO - {
  "timestamp": "2026-03-07T14:01:57.139812",
  "action": "load_more_reviews",
  "details": {
    "click_count": 1,
    "delay": 4.565527530701231
  }
}
2026-03-07 14:02:01 - crawler - INFO - {
  "timestamp": "2026-03-07T14:02:01.456123",
  "action": "load_more_reviews",
  "details": {
    "click_count": 2,
    "delay": 4.259530328305392
  }
}
2026-03-07 14:02:04 - crawler - INFO - {
  "timestamp": "2026-03-07T14:02:04.410605",
  "action": "load_more_reviews",
  "details": {
    "click_count": 3,
    "delay": 2.896487173372672
  }
}
2026-03-07 14:02:04 - crawler - INFO - {
  "timestamp": "2026-03-07T14:02:04.463567",
  "action": "finish_fetch_reviews",
  "details": {
    "plugin_id": "fonaoompfjljjllgccccgjnhnoghohgc",
    "review_count": 37
  }
}
2026-03-07 14:02:04 - crawler - INFO - {
  "timestamp": "2026-03-07T14:02:04.466216",
  "action": "plugin_crawled",
  "details": {
    "plugin_id": "fonaoompfjljjllgccccgjnhnoghohgc",
    "name": "JetBrains Grazie Writing Companion",
    "rating": 4.3,
    "review_count": 37
  }
}
2026-03-07 14:02:30 - crawler - INFO - {
  "timestamp": "2026-03-07T14:02:30.808783",
  "action": "start_fetch_reviews",
  "details": {
    "plugin_id": "nllcnknpjnininklegdoijpljgdjkijc",
    "max_reviews": 50,
    "load_all": false
  }
}
2026-03-07 14:02:42 - crawler - INFO - {
  "timestamp": "2026-03-07T14:02:42.493921",
  "action": "finish_fetch_reviews",
  "details": {
    "plugin_id": "nllcnknpjnininklegdoijpljgdjkijc",
    "review_count": 24
  }
}
2026-03-07 14:02:42 - crawler - INFO - {
  "timestamp": "2026-03-07T14:02:42.496521",
  "action": "plugin_crawled",
  "details": {
    "plugin_id": "nllcnknpjnininklegdoijpljgdjkijc",
    "name": "Wordtune: AI Paraphrasing and Grammar Tool",
    "rating": 4.6,
    "review_count": 24
  }
}
2026-03-07 14:02:55 - crawler - INFO - {
  "timestamp": "2026-03-07T14:02:55.501055",
  "action": "start_fetch_reviews",
  "details": {
    "plugin_id": "pdnenlnelpdomajfejgapbdpmjkfpjkp",
    "max_reviews": 50,
    "load_all": false
  }
}
2026-03-07 14:03:04 - crawler - INFO - {
  "timestamp": "2026-03-07T14:03:04.128642",
  "action": "finish_fetch_reviews",
  "details": {
    "plugin_id": "pdnenlnelpdomajfejgapbdpmjkfpjkp",
    "review_count": 14
  }
}
2026-03-07 14:03:04 - crawler - INFO - {
  "timestamp": "2026-03-07T14:03:04.131066",
  "action": "plugin_crawled",
  "details": {
    "plugin_id": "pdnenlnelpdomajfejgapbdpmjkfpjkp",
    "name": "Jetwriter AI: Reply Emails, Ask Page, Summarize, Fix Grammar, and More",
    "rating": 4.6,
    "review_count": 14
  }
}
2026-03-07 16:09:56 - crawler - INFO - {
  "timestamp": "2026-03-07T16:09:56.361321",
  "action": "start_fetch_reviews",
  "details": {
    "plugin_id": "fonaoompfjljjllgccccgjnhnoghohgc",
    "max_reviews": null,
    "load_all": true
  }
}
2026-03-07 16:10:12 - crawler - INFO - {
  "timestamp": "2026-03-07T16:10:12.468007",
  "action": "load_more_reviews",
  "details": {
    "click_count": 1,
    "delay": 4.898431976860014
  }
}
2026-03-07 16:10:16 - crawler - INFO - {
  "timestamp": "2026-03-07T16:10:16.113072",
  "action": "load_more_reviews",
  "details": {
    "click_count": 2,
    "delay": 3.593542649215321
  }
}
2026-03-07 16:10:19 - crawler - INFO - {
  "timestamp": "2026-03-07T16:10:19.138097",
  "action": "load_more_reviews",
  "details": {
    "click_count": 3,
    "delay": 2.9615959437765085
  }
}
2026-03-07 16:10:19 - crawler - INFO - {
  "timestamp": "2026-03-07T16:10:19.187812",
  "action": "finish_fetch_reviews",
  "details": {
    "plugin_id": "fonaoompfjljjllgccccgjnhnoghohgc",
    "review_count": 37
  }
}
2026-03-07 16:10:19 - crawler - INFO - {
  "timestamp": "2026-03-07T16:10:19.190894",
  "action": "plugin_crawled",
  "details": {
    "plugin_id": "fonaoompfjljjllgccccgjnhnoghohgc",
    "name": "JetBrains Grazie Writing Companion",
    "rating": 4.3,
    "review_count": 37
  }
}
2026-03-07 16:10:33 - crawler - INFO - {
  "timestamp": "2026-03-07T16:10:33.058348",
  "action": "start_fetch_reviews",
  "details": {
    "plugin_id": "nllcnknpjnininklegdoijpljgdjkijc",
    "max_reviews": 50,
    "load_all": false
  }
}
2026-03-07 16:10:44 - crawler - INFO - {
  "timestamp": "2026-03-07T16:10:44.111572",
  "action": "finish_fetch_reviews",
  "details": {
    "plugin_id": "nllcnknpjnininklegdoijpljgdjkijc",
    "review_count": 24
  }
}
2026-03-07 16:10:44 - crawler - INFO - {
  "timestamp": "2026-03-07T16:10:44.113755",
  "action": "plugin_crawled",
  "details": {
    "plugin_id": "nllcnknpjnininklegdoijpljgdjkijc",
    "name": "Wordtune: AI Paraphrasing and Grammar Tool",
    "rating": 4.6,
    "review_count": 24
  }
}
2026-03-07 16:10:59 - crawler - INFO - {
  "timestamp": "2026-03-07T16:10:59.649986",
  "action": "start_fetch_reviews",
  "details": {
    "plugin_id": "pdnenlnelpdomajfejgapbdpmjkfpjkp",
    "max_reviews": 50,
    "load_all": false
  }
}
2026-03-07 16:11:10 - crawler - INFO - {
  "timestamp": "2026-03-07T16:11:10.550962",
  "action": "finish_fetch_reviews",
  "details": {
    "plugin_id": "pdnenlnelpdomajfejgapbdpmjkfpjkp",
    "review_count": 14
  }
}
2026-03-07 16:11:10 - crawler - INFO - {
  "timestamp": "2026-03-07T16:11:10.552994",
  "action": "plugin_crawled",
  "details": {
    "plugin_id": "pdnenlnelpdomajfejgapbdpmjkfpjkp",
    "name": "Jetwriter AI: Reply Emails, Ask Page, Summarize, Fix Grammar, and More",
    "rating": 4.6,
    "review_count": 14
  }
}
2026-03-07 16:12:09 - crawler - INFO - {
  "timestamp": "2026-03-07T16:12:09.806660",
  "action": "start_fetch_reviews",
  "details": {
    "plugin_id": "fonaoompfjljjllgccccgjnhnoghohgc",
    "max_reviews": null,
    "load_all": true
  }
}
2026-03-07 16:12:24 - crawler - INFO - {
  "timestamp": "2026-03-07T16:12:24.967872",
  "action": "load_more_reviews",
  "details": {
    "click_count": 1,
    "delay": 4.751394744606686
  }
}
2026-03-07 16:12:28 - crawler - INFO - {
  "timestamp": "2026-03-07T16:12:28.261318",
  "action": "load_more_reviews",
  "details": {
    "click_count": 2,
    "delay": 3.2386912494239577
  }
}
2026-03-07 16:12:30 - crawler - INFO - {
  "timestamp": "2026-03-07T16:12:30.485445",
  "action": "load_more_reviews",
  "details": {
    "click_count": 3,
    "delay": 2.1789171291851703
  }
}
2026-03-07 16:12:30 - crawler - INFO - {
  "timestamp": "2026-03-07T16:12:30.543981",
  "action": "finish_fetch_reviews",
  "details": {
    "plugin_id": "fonaoompfjljjllgccccgjnhnoghohgc",
    "review_count": 37
  }
}
2026-03-07 16:12:30 - crawler - INFO - {
  "timestamp": "2026-03-07T16:12:30.546886",
  "action": "plugin_crawled",
  "details": {
    "plugin_id": "fonaoompfjljjllgccccgjnhnoghohgc",
    "name": "JetBrains Grazie Writing Companion",
    "rating": 4.3,
    "review_count": 37
  }
}
2026-03-07 16:12:54 - crawler - INFO - {
  "timestamp": "2026-03-07T16:12:54.029567",
  "action": "start_fetch_reviews",
  "details": {
    "plugin_id": "nllcnknpjnininklegdoijpljgdjkijc",
    "max_reviews": 50,
    "load_all": false
  }
}
2026-03-07 16:13:04 - crawler - INFO - {
  "timestamp": "2026-03-07T16:13:04.288844",
  "action": "finish_fetch_reviews",
  "details": {
    "plugin_id": "nllcnknpjnininklegdoijpljgdjkijc",
    "review_count": 24
  }
}
2026-03-07 16:13:04 - crawler - INFO - {
  "timestamp": "2026-03-07T16:13:04.291450",
  "action": "plugin_crawled",
  "details": {
    "plugin_id": "nllcnknpjnininklegdoijpljgdjkijc",
    "name": "Wordtune: AI Paraphrasing and Grammar Tool",
    "rating": 4.6,
    "review_count": 24
  }
}
2026-03-07 16:13:17 - crawler - INFO - {
  "timestamp": "2026-03-07T16:13:17.454850",
  "action": "start_fetch_reviews",
  "details": {
    "plugin_id": "pdnenlnelpdomajfejgapbdpmjkfpjkp",
    "max_reviews": 50,
    "load_all": false
  }
}
2026-03-07 16:13:29 - crawler - INFO - {
  "timestamp": "2026-03-07T16:13:29.933616",
  "action": "finish_fetch_reviews",
  "details": {
    "plugin_id": "pdnenlnelpdomajfejgapbdpmjkfpjkp",
    "review_count": 14
  }
}
2026-03-07 16:13:29 - crawler - INFO - {
  "timestamp": "2026-03-07T16:13:29.936742",
  "action": "plugin_crawled",
  "details": {
    "plugin_id": "pdnenlnelpdomajfejgapbdpmjkfpjkp",
    "name": "Jetwriter AI: Reply Emails, Ask Page, Summarize, Fix Grammar, and More",
    "rating": 4.6,
    "review_count": 14
  }
}
