2026-03-07 12:09:39 - request - INFO - {
  "timestamp": "2026-03-07T12:09:39.940811",
  "url": "https://chromewebstore.google.com/detail/aapbdbdomjkkjkaonfhkkikfgjllcleb/reviews",
  "method": "GET",
  "params": null,
  "headers": null,
  "data": null
}
2026-03-07 13:39:52 - request - INFO - {
  "timestamp": "2026-03-07T13:39:52.933657",
  "url": "https://chromewebstore.google.com/category/extensions/productivity?hl=zh-CN",
  "method": "GET",
  "params": null,
  "headers": null,
  "data": null
}
2026-03-07 13:40:23 - request - INFO - {
  "timestamp": "2026-03-07T13:40:23.082277",
  "url": "https://chromewebstore.google.com/detail/fonaoompfjljjllgccccgjnhnoghohgc",
  "method": "GET",
  "params": null,
  "headers": null,
  "data": null
}
2026-03-07 13:40:37 - request - INFO - {
  "timestamp": "2026-03-07T13:40:37.950004",
  "url": "https://chromewebstore.google.com/detail/fonaoompfjljjllgccccgjnhnoghohgc/reviews",
  "method": "GET",
  "params": null,
  "headers": null,
  "data": null
}
2026-03-07 13:41:02 - request - INFO - {
  "timestamp": "2026-03-07T13:41:02.025220",
  "url": "https://chromewebstore.google.com/detail/nllcnknpjnininklegdoijpljgdjkijc",
  "method": "GET",
  "params": null,
  "headers": null,
  "data": null
}
2026-03-07 13:41:14 - request - INFO - {
  "timestamp": "2026-03-07T13:41:14.161314",
  "url": "https://chromewebstore.google.com/detail/nllcnknpjnininklegdoijpljgdjkijc/reviews",
  "method": "GET",
  "params": null,
  "headers": null,
  "data": null
}
2026-03-07 13:41:27 - request - INFO - {
  "timestamp": "2026-03-07T13:41:27.457854",
  "url": "https://chromewebstore.google.com/detail/pdnenlnelpdomajfejgapbdpmjkfpjkp",
  "method": "GET",
  "params": null,
  "headers": null,
  "data": null
}
2026-03-07 13:41:39 - request - INFO - {
  "timestamp": "2026-03-07T13:41:39.405645",
  "url": "https://chromewebstore.google.com/detail/pdnenlnelpdomajfejgapbdpmjkfpjkp/reviews",
  "method": "GET",
  "params": null,
  "headers": null,
  "data": null
}
2026-03-07 13:41:52 - request - INFO - {
  "timestamp": "2026-03-07T13:41:52.958264",
  "url": "https://chromewebstore.google.com/category/extensions/marketing?hl=zh-CN",
  "method": "GET",
  "params": null,
  "headers": null,
  "data": null
}
2026-03-07 13:42:29 - request - INFO - {
  "timestamp": "2026-03-07T13:42:29.206293",
  "url": "https://chromewebstore.google.com/detail/fonaoompfjljjllgccccgjnhnoghohgc",
  "method": "GET",
  "params": null,
  "headers": null,
  "data": null
}
2026-03-07 13:42:46 - request - INFO - {
  "timestamp": "2026-03-07T13:42:46.346195",
  "url": "https://chromewebstore.google.com/detail/fonaoompfjljjllgccccgjnhnoghohgc/reviews",
  "method": "GET",
  "params": null,
  "headers": null,
  "data": null
}
2026-03-07 13:43:06 - request - INFO - {
  "timestamp": "2026-03-07T13:43:06.584079",
  "url": "https://chromewebstore.google.com/detail/nllcnknpjnininklegdoijpljgdjkijc",
  "method": "GET",
  "params": null,
  "headers": null,
  "data": null
}
2026-03-07 13:43:19 - request - INFO - {
  "timestamp": "2026-03-07T13:43:19.001176",
  "url": "https://chromewebstore.google.com/detail/nllcnknpjnininklegdoijpljgdjkijc/reviews",
  "method": "GET",
  "params": null,
  "headers": null,
  "data": null
}
2026-03-07 13:43:40 - request - INFO - {
  "timestamp": "2026-03-07T13:43:40.220120",
  "url": "https://chromewebstore.google.com/detail/pdnenlnelpdomajfejgapbdpmjkfpjkp",
  "method": "GET",
  "params": null,
  "headers": null,
  "data": null
}
2026-03-07 13:44:04 - request - INFO - {
  "timestamp": "2026-03-07T13:44:04.057100",
  "url": "https://chromewebstore.google.com/detail/pdnenlnelpdomajfejgapbdpmjkfpjkp/reviews",
  "method": "GET",
  "params": null,
  "headers": null,
  "data": null
}
2026-03-07 13:53:29 - request - INFO - {
  "timestamp": "2026-03-07T13:53:29.373748",
  "url": "https://chromewebstore.google.com/category/extensions/productivity?hl=zh-CN",
  "method": "GET",
  "params": null,
  "headers": null,
  "data": null
}
2026-03-07 13:54:03 - request - INFO - {
  "timestamp": "2026-03-07T13:54:03.291603",
  "url": "https://chromewebstore.google.com/detail/fonaoompfjljjllgccccgjnhnoghohgc",
  "method": "GET",
  "params": null,
  "headers": null,
  "data": null
}
2026-03-07 13:54:32 - request - INFO - {
  "timestamp": "2026-03-07T13:54:32.720918",
  "url": "https://chromewebstore.google.com/detail/fonaoompfjljjllgccccgjnhnoghohgc/reviews",
  "method": "GET",
  "params": null,
  "headers": null,
  "data": null
}
2026-03-07 13:55:04 - request - INFO - {
  "timestamp": "2026-03-07T13:55:04.933673",
  "url": "https://chromewebstore.google.com/detail/nllcnknpjnininklegdoijpljgdjkijc",
  "method": "GET",
  "params": null,
  "headers": null,
  "data": null
}
2026-03-07 13:55:20 - request - INFO - {
  "timestamp": "2026-03-07T13:55:20.214511",
  "url": "https://chromewebstore.google.com/detail/nllcnknpjnininklegdoijpljgdjkijc/reviews",
  "method": "GET",
  "params": null,
  "headers": null,
  "data": null
}
2026-03-07 13:55:33 - request - INFO - {
  "timestamp": "2026-03-07T13:55:33.941012",
  "url": "https://chromewebstore.google.com/detail/pdnenlnelpdomajfejgapbdpmjkfpjkp",
  "method": "GET",
  "params": null,
  "headers": null,
  "data": null
}
2026-03-07 13:55:47 - request - INFO - {
  "timestamp": "2026-03-07T13:55:47.696874",
  "url": "https://chromewebstore.google.com/detail/pdnenlnelpdomajfejgapbdpmjkfpjkp/reviews",
  "method": "GET",
  "params": null,
  "headers": null,
  "data": null
}
2026-03-07 13:56:08 - request - INFO - {
  "timestamp": "2026-03-07T13:56:08.996399",
  "url": "https://chromewebstore.google.com/category/extensions/marketing?hl=zh-CN",
  "method": "GET",
  "params": null,
  "headers": null,
  "data": null
}
2026-03-07 13:56:48 - request - INFO - {
  "timestamp": "2026-03-07T13:56:48.272333",
  "url": "https://chromewebstore.google.com/detail/fonaoompfjljjllgccccgjnhnoghohgc",
  "method": "GET",
  "params": null,
  "headers": null,
  "data": null
}
2026-03-07 13:57:02 - request - INFO - {
  "timestamp": "2026-03-07T13:57:02.477951",
  "url": "https://chromewebstore.google.com/detail/fonaoompfjljjllgccccgjnhnoghohgc/reviews",
  "method": "GET",
  "params": null,
  "headers": null,
  "data": null
}
2026-03-07 13:57:23 - request - INFO - {
  "timestamp": "2026-03-07T13:57:23.459754",
  "url": "https://chromewebstore.google.com/detail/nllcnknpjnininklegdoijpljgdjkijc",
  "method": "GET",
  "params": null,
  "headers": null,
  "data": null
}
2026-03-07 13:57:32 - request - INFO - {
  "timestamp": "2026-03-07T13:57:32.255407",
  "url": "https://chromewebstore.google.com/detail/nllcnknpjnininklegdoijpljgdjkijc/reviews",
  "method": "GET",
  "params": null,
  "headers": null,
  "data": null
}
2026-03-07 13:57:54 - request - INFO - {
  "timestamp": "2026-03-07T13:57:54.510977",
  "url": "https://chromewebstore.google.com/detail/pdnenlnelpdomajfejgapbdpmjkfpjkp",
  "method": "GET",
  "params": null,
  "headers": null,
  "data": null
}
2026-03-07 13:58:07 - request - INFO - {
  "timestamp": "2026-03-07T13:58:07.310131",
  "url": "https://chromewebstore.google.com/detail/pdnenlnelpdomajfejgapbdpmjkfpjkp/reviews",
  "method": "GET",
  "params": null,
  "headers": null,
  "data": null
}
2026-03-07 13:58:40 - request - INFO - {
  "timestamp": "2026-03-07T13:58:40.421185",
  "url": "https://chromewebstore.google.com/category/extensions/productivity?hl=zh-CN",
  "method": "GET",
  "params": null,
  "headers": null,
  "data": null
}
2026-03-07 13:59:17 - request - INFO - {
  "timestamp": "2026-03-07T13:59:17.320182",
  "url": "https://chromewebstore.google.com/detail/fonaoompfjljjllgccccgjnhnoghohgc",
  "method": "GET",
  "params": null,
  "headers": null,
  "data": null
}
2026-03-07 13:59:32 - request - INFO - {
  "timestamp": "2026-03-07T13:59:32.896986",
  "url": "https://chromewebstore.google.com/detail/fonaoompfjljjllgccccgjnhnoghohgc/reviews",
  "method": "GET",
  "params": null,
  "headers": null,
  "data": null
}
2026-03-07 13:59:55 - request - INFO - {
  "timestamp": "2026-03-07T13:59:55.407486",
  "url": "https://chromewebstore.google.com/detail/nllcnknpjnininklegdoijpljgdjkijc",
  "method": "GET",
  "params": null,
  "headers": null,
  "data": null
}
2026-03-07 14:00:05 - request - INFO - {
  "timestamp": "2026-03-07T14:00:05.276158",
  "url": "https://chromewebstore.google.com/detail/nllcnknpjnininklegdoijpljgdjkijc/reviews",
  "method": "GET",
  "params": null,
  "headers": null,
  "data": null
}
2026-03-07 14:00:23 - request - INFO - {
  "timestamp": "2026-03-07T14:00:23.164999",
  "url": "https://chromewebstore.google.com/detail/pdnenlnelpdomajfejgapbdpmjkfpjkp",
  "method": "GET",
  "params": null,
  "headers": null,
  "data": null
}
2026-03-07 14:00:31 - request - INFO - {
  "timestamp": "2026-03-07T14:00:31.260589",
  "url": "https://chromewebstore.google.com/detail/pdnenlnelpdomajfejgapbdpmjkfpjkp/reviews",
  "method": "GET",
  "params": null,
  "headers": null,
  "data": null
}
2026-03-07 14:00:49 - request - INFO - {
  "timestamp": "2026-03-07T14:00:49.450463",
  "url": "https://chromewebstore.google.com/category/extensions/marketing?hl=zh-CN",
  "method": "GET",
  "params": null,
  "headers": null,
  "data": null
}
2026-03-07 14:01:26 - request - INFO - {
  "timestamp": "2026-03-07T14:01:26.225297",
  "url": "https://chromewebstore.google.com/detail/fonaoompfjljjllgccccgjnhnoghohgc",
  "method": "GET",
  "params": null,
  "headers": null,
  "data": null
}
2026-03-07 14:01:44 - request - INFO - {
  "timestamp": "2026-03-07T14:01:44.646096",
  "url": "https://chromewebstore.google.com/detail/fonaoompfjljjllgccccgjnhnoghohgc/reviews",
  "method": "GET",
  "params": null,
  "headers": null,
  "data": null
}
2026-03-07 14:02:07 - request - INFO - {
  "timestamp": "2026-03-07T14:02:07.454023",
  "url": "https://chromewebstore.google.com/detail/nllcnknpjnininklegdoijpljgdjkijc",
  "method": "GET",
  "params": null,
  "headers": null,
  "data": null
}
2026-03-07 14:02:31 - request - INFO - {
  "timestamp": "2026-03-07T14:02:31.513671",
  "url": "https://chromewebstore.google.com/detail/nllcnknpjnininklegdoijpljgdjkijc/reviews",
  "method": "GET",
  "params": null,
  "headers": null,
  "data": null
}
2026-03-07 14:02:45 - request - INFO - {
  "timestamp": "2026-03-07T14:02:45.256667",
  "url": "https://chromewebstore.google.com/detail/pdnenlnelpdomajfejgapbdpmjkfpjkp",
  "method": "GET",
  "params": null,
  "headers": null,
  "data": null
}
2026-03-07 14:02:56 - request - INFO - {
  "timestamp": "2026-03-07T14:02:56.180937",
  "url": "https://chromewebstore.google.com/detail/pdnenlnelpdomajfejgapbdpmjkfpjkp/reviews",
  "method": "GET",
  "params": null,
  "headers": null,
  "data": null
}
2026-03-07 16:09:07 - request - INFO - {
  "timestamp": "2026-03-07T16:09:07.257110",
  "url": "https://chromewebstore.google.com/category/extensions/productivity?hl=zh-CN",
  "method": "GET",
  "params": null,
  "headers": null,
  "data": null
}
2026-03-07 16:09:39 - request - INFO - {
  "timestamp": "2026-03-07T16:09:39.719843",
  "url": "https://chromewebstore.google.com/detail/fonaoompfjljjllgccccgjnhnoghohgc",
  "method": "GET",
  "params": null,
  "headers": null,
  "data": null
}
2026-03-07 16:09:57 - request - INFO - {
  "timestamp": "2026-03-07T16:09:57.160794",
  "url": "https://chromewebstore.google.com/detail/fonaoompfjljjllgccccgjnhnoghohgc/reviews",
  "method": "GET",
  "params": null,
  "headers": null,
  "data": null
}
2026-03-07 16:10:22 - request - INFO - {
  "timestamp": "2026-03-07T16:10:22.489145",
  "url": "https://chromewebstore.google.com/detail/nllcnknpjnininklegdoijpljgdjkijc",
  "method": "GET",
  "params": null,
  "headers": null,
  "data": null
}
2026-03-07 16:10:33 - request - INFO - {
  "timestamp": "2026-03-07T16:10:33.774015",
  "url": "https://chromewebstore.google.com/detail/nllcnknpjnininklegdoijpljgdjkijc/reviews",
  "method": "GET",
  "params": null,
  "headers": null,
  "data": null
}
2026-03-07 16:10:48 - request - INFO - {
  "timestamp": "2026-03-07T16:10:48.794989",
  "url": "https://chromewebstore.google.com/detail/pdnenlnelpdomajfejgapbdpmjkfpjkp",
  "method": "GET",
  "params": null,
  "headers": null,
  "data": null
}
2026-03-07 16:11:00 - request - INFO - {
  "timestamp": "2026-03-07T16:11:00.814710",
  "url": "https://chromewebstore.google.com/detail/pdnenlnelpdomajfejgapbdpmjkfpjkp/reviews",
  "method": "GET",
  "params": null,
  "headers": null,
  "data": null
}
2026-03-07 16:11:15 - request - INFO - {
  "timestamp": "2026-03-07T16:11:15.175939",
  "url": "https://chromewebstore.google.com/category/extensions/marketing?hl=zh-CN",
  "method": "GET",
  "params": null,
  "headers": null,
  "data": null
}
2026-03-07 16:11:52 - request - INFO - {
  "timestamp": "2026-03-07T16:11:52.064487",
  "url": "https://chromewebstore.google.com/detail/fonaoompfjljjllgccccgjnhnoghohgc",
  "method": "GET",
  "params": null,
  "headers": null,
  "data": null
}
2026-03-07 16:12:10 - request - INFO - {
  "timestamp": "2026-03-07T16:12:10.578036",
  "url": "https://chromewebstore.google.com/detail/fonaoompfjljjllgccccgjnhnoghohgc/reviews",
  "method": "GET",
  "params": null,
  "headers": null,
  "data": null
}
2026-03-07 16:12:34 - request - INFO - {
  "timestamp": "2026-03-07T16:12:34.497947",
  "url": "https://chromewebstore.google.com/detail/nllcnknpjnininklegdoijpljgdjkijc",
  "method": "GET",
  "params": null,
  "headers": null,
  "data": null
}
2026-03-07 16:12:54 - request - INFO - {
  "timestamp": "2026-03-07T16:12:54.984649",
  "url": "https://chromewebstore.google.com/detail/nllcnknpjnininklegdoijpljgdjkijc/reviews",
  "method": "GET",
  "params": null,
  "headers": null,
  "data": null
}
2026-03-07 16:13:06 - request - INFO - {
  "timestamp": "2026-03-07T16:13:06.795615",
  "url": "https://chromewebstore.google.com/detail/pdnenlnelpdomajfejgapbdpmjkfpjkp",
  "method": "GET",
  "params": null,
  "headers": null,
  "data": null
}
2026-03-07 16:13:18 - request - INFO - {
  "timestamp": "2026-03-07T16:13:18.359638",
  "url": "https://chromewebstore.google.com/detail/pdnenlnelpdomajfejgapbdpmjkfpjkp/reviews",
  "method": "GET",
  "params": null,
  "headers": null,
  "data": null
}
